h:\github\14-engine\quasarengine\quasarengine\debug\vc143.pdb
h:\github\14-engine\quasarengine\quasarengine\debug\vc143.idb
h:\github\14-engine\quasarengine\quasarengine\debug\texture.obj
h:\github\14-engine\quasarengine\quasarengine\debug\scene_pong.obj
h:\github\14-engine\quasarengine\quasarengine\debug\renderer.obj
h:\github\14-engine\quasarengine\quasarengine\debug\mathlib.obj
h:\github\14-engine\quasarengine\quasarengine\debug\commonlib.obj
h:\github\14-engine\quasarengine\quasarengine\debug\main.obj
h:\github\14-engine\quasarengine\quasarengine\debug\log.obj
h:\github\14-engine\quasarengine\quasarengine\debug\inputs.obj
h:\github\14-engine\quasarengine\quasarengine\debug\game.obj
h:\github\14-engine\quasarengine\quasarengine\debug\ctransform2d.obj
h:\github\14-engine\quasarengine\quasarengine\debug\component.obj
h:\github\14-engine\quasarengine\quasarengine\debug\ccollider.obj
h:\github\14-engine\quasarengine\quasarengine\debug\cboxcollider2d.obj
h:\github\14-engine\quasarengine\quasarengine\debug\assets.obj
h:\github\14-engine\quasarengine\quasarengine\debug\actor.obj
h:\github\14-engine\quasarengine\quasarengine\debug\window.obj
h:\github\14-engine\quasarengine\quasarengine\debug\time.obj
h:\github\14-engine\quasarengine\quasarengine\debug\box.obj
h:\github\14-engine\quasarengine\quasarengine\debug\paddle.obj
h:\github\14-engine\quasarengine\quasarengine\debug\scene.obj
h:\github\14-engine\quasarengine\quasarengine\debug\csprite2d.obj
h:\github\14-engine\quasarengine\quasarengine\debug\quasarengine.ilk
h:\github\14-engine\quasarengine\quasarengine\debug\renderer.obj.enc
h:\github\14-engine\quasarengine\debug\quasarengine.pdb
h:\github\14-engine\quasarengine\quasarengine\debug\quasarengine.tlog\cl.command.1.tlog
h:\github\14-engine\quasarengine\quasarengine\debug\quasarengine.tlog\cl.items.tlog
h:\github\14-engine\quasarengine\quasarengine\debug\quasarengine.tlog\cl.read.1.tlog
h:\github\14-engine\quasarengine\quasarengine\debug\quasarengine.tlog\cl.write.1.tlog
h:\github\14-engine\quasarengine\quasarengine\debug\quasarengine.tlog\link-cvtres.read.1.tlog
h:\github\14-engine\quasarengine\quasarengine\debug\quasarengine.tlog\link-cvtres.write.1.tlog
h:\github\14-engine\quasarengine\quasarengine\debug\quasarengine.tlog\link-rc.read.1.tlog
h:\github\14-engine\quasarengine\quasarengine\debug\quasarengine.tlog\link-rc.write.1.tlog
h:\github\14-engine\quasarengine\quasarengine\debug\quasarengine.tlog\link.41820-cvtres.read.1.tlog
h:\github\14-engine\quasarengine\quasarengine\debug\quasarengine.tlog\link.41820-cvtres.write.1.tlog
h:\github\14-engine\quasarengine\quasarengine\debug\quasarengine.tlog\link.41820-rc.read.1.tlog
h:\github\14-engine\quasarengine\quasarengine\debug\quasarengine.tlog\link.41820-rc.write.1.tlog
h:\github\14-engine\quasarengine\quasarengine\debug\quasarengine.tlog\link.41820.read.1.tlog
h:\github\14-engine\quasarengine\quasarengine\debug\quasarengine.tlog\link.41820.write.1.tlog
h:\github\14-engine\quasarengine\quasarengine\debug\quasarengine.tlog\link.command.1.tlog
h:\github\14-engine\quasarengine\quasarengine\debug\quasarengine.tlog\link.read.1.tlog
h:\github\14-engine\quasarengine\quasarengine\debug\quasarengine.tlog\link.secondary.1.tlog
h:\github\14-engine\quasarengine\quasarengine\debug\quasarengine.tlog\link.write.1.tlog
